{"C:\\Users\\Admin\\Desktop\\proj\\virtual promptwar\\server\\index.js": {"path":"C:\\Users\\Admin\\Desktop\\proj\\virtual promptwar\\server\\index.js","statementMap":{"0":{"start":{"line":1,"column":0},"end":{"line":1,"column":27}},"1":{"start":{"line":2,"column":16},"end":{"line":2,"column":34}},"2":{"start":{"line":3,"column":13},"end":{"line":3,"column":28}},"3":{"start":{"line":4,"column":18},"end":{"line":4,"column":40}},"4":{"start":{"line":5,"column":34},"end":{"line":5,"column":70}},"5":{"start":{"line":6,"column":21},"end":{"line":6,"column":58}},"6":{"start":{"line":8,"column":17},"end":{"line":8,"column":39}},"7":{"start":{"line":9,"column":20},"end":{"line":9,"column":45}},"8":{"start":{"line":10,"column":23},"end":{"line":10,"column":52}},"9":{"start":{"line":11,"column":24},"end":{"line":11,"column":53}},"10":{"start":{"line":13,"column":12},"end":{"line":13,"column":21}},"11":{"start":{"line":14,"column":13},"end":{"line":14,"column":37}},"12":{"start":{"line":17,"column":0},"end":{"line":19,"column":1}},"13":{"start":{"line":18,"column":2},"end":{"line":18,"column":14}},"14":{"start":{"line":22,"column":0},"end":{"line":25,"column":4}},"15":{"start":{"line":26,"column":0},"end":{"line":26,"column":41}},"16":{"start":{"line":27,"column":0},"end":{"line":27,"column":20}},"17":{"start":{"line":30,"column":0},"end":{"line":44,"column":3}},"18":{"start":{"line":31,"column":2},"end":{"line":43,"column":5}},"19":{"start":{"line":47,"column":0},"end":{"line":47,"column":40}},"20":{"start":{"line":48,"column":0},"end":{"line":48,"column":35}},"21":{"start":{"line":49,"column":0},"end":{"line":49,"column":42}},"22":{"start":{"line":50,"column":0},"end":{"line":50,"column":43}},"23":{"start":{"line":53,"column":0},"end":{"line":53,"column":22}},"24":{"start":{"line":55,"column":0},"end":{"line":60,"column":1}},"25":{"start":{"line":56,"column":2},"end":{"line":59,"column":5}},"26":{"start":{"line":57,"column":4},"end":{"line":57,"column":68}},"27":{"start":{"line":58,"column":4},"end":{"line":58,"column":63}},"28":{"start":{"line":62,"column":0},"end":{"line":62,"column":21}}},"fnMap":{"0":{"name":"(anonymous_0)","decl":{"start":{"line":30,"column":23},"end":{"line":30,"column":24}},"loc":{"start":{"line":30,"column":37},"end":{"line":44,"column":1}},"line":30},"1":{"name":"(anonymous_1)","decl":{"start":{"line":56,"column":19},"end":{"line":56,"column":20}},"loc":{"start":{"line":56,"column":25},"end":{"line":59,"column":3}},"line":56}},"branchMap":{"0":{"loc":{"start":{"line":14,"column":13},"end":{"line":14,"column":37}},"type":"binary-expr","locations":[{"start":{"line":14,"column":13},"end":{"line":14,"column":29}},{"start":{"line":14,"column":33},"end":{"line":14,"column":37}}],"line":14},"1":{"loc":{"start":{"line":17,"column":0},"end":{"line":19,"column":1}},"type":"if","locations":[{"start":{"line":17,"column":0},"end":{"line":19,"column":1}},{"start":{},"end":{}}],"line":17},"2":{"loc":{"start":{"line":38,"column":25},"end":{"line":38,"column":118}},"type":"cond-expr","locations":[{"start":{"line":38,"column":54},"end":{"line":38,"column":104}},{"start":{"line":38,"column":107},"end":{"line":38,"column":118}}],"line":38},"3":{"loc":{"start":{"line":41,"column":15},"end":{"line":41,"column":48}},"type":"binary-expr","locations":[{"start":{"line":41,"column":15},"end":{"line":41,"column":35}},{"start":{"line":41,"column":39},"end":{"line":41,"column":48}}],"line":41},"4":{"loc":{"start":{"line":55,"column":0},"end":{"line":60,"column":1}},"type":"if","locations":[{"start":{"line":55,"column":0},"end":{"line":60,"column":1}},{"start":{},"end":{}}],"line":55}},"s":{"0":1,"1":1,"2":1,"3":1,"4":1,"5":1,"6":1,"7":1,"8":1,"9":1,"10":1,"11":1,"12":1,"13":0,"14":1,"15":1,"16":1,"17":1,"18":2,"19":1,"20":1,"21":1,"22":1,"23":1,"24":1,"25":0,"26":0,"27":0,"28":1},"f":{"0":2,"1":0},"b":{"0":[1,0],"1":[0,1],"2":[2,0],"3":[2,0],"4":[0,1]},"_coverageSchema":"1a1c01bbd47fc00a2c39e90264f33305004495a9","hash":"40ec59c79727fc8c07c3b6fbd849b5f6188b8cc0"}
,"C:\\Users\\Admin\\Desktop\\proj\\virtual promptwar\\server\\config\\db.js": {"path":"C:\\Users\\Admin\\Desktop\\proj\\virtual promptwar\\server\\config\\db.js","statementMap":{"0":{"start":{"line":1,"column":17},"end":{"line":1,"column":36}},"1":{"start":{"line":3,"column":18},"end":{"line":13,"column":1}},"2":{"start":{"line":4,"column":2},"end":{"line":12,"column":3}},"3":{"start":{"line":5,"column":17},"end":{"line":7,"column":6}},"4":{"start":{"line":8,"column":4},"end":{"line":8,"column":64}},"5":{"start":{"line":10,"column":4},"end":{"line":10,"column":66}},"6":{"start":{"line":11,"column":4},"end":{"line":11,"column":65}},"7":{"start":{"line":15,"column":0},"end":{"line":15,"column":27}}},"fnMap":{"0":{"name":"(anonymous_0)","decl":{"start":{"line":3,"column":18},"end":{"line":3,"column":19}},"loc":{"start":{"line":3,"column":30},"end":{"line":13,"column":1}},"line":3}},"branchMap":{},"s":{"0":1,"1":1,"2":0,"3":0,"4":0,"5":0,"6":0,"7":1},"f":{"0":0},"b":{},"_coverageSchema":"1a1c01bbd47fc00a2c39e90264f33305004495a9","hash":"a5605b896b2456cc43638b1ca801eb68a6269ee7"}
,"C:\\Users\\Admin\\Desktop\\proj\\virtual promptwar\\server\\controllers\\aiController.js": {"path":"C:\\Users\\Admin\\Desktop\\proj\\virtual promptwar\\server\\controllers\\aiController.js","statementMap":{"0":{"start":{"line":1,"column":18},"end":{"line":1,"column":50}},"1":{"start":{"line":3,"column":13},"end":{"line":14,"column":1}},"2":{"start":{"line":4,"column":2},"end":{"line":13,"column":3}},"3":{"start":{"line":5,"column":34},"end":{"line":5,"column":42}},"4":{"start":{"line":6,"column":4},"end":{"line":6,"column":87}},"5":{"start":{"line":7,"column":4},"end":{"line":7,"column":80}},"6":{"start":{"line":7,"column":18},"end":{"line":7,"column":80}},"7":{"start":{"line":8,"column":21},"end":{"line":8,"column":67}},"8":{"start":{"line":9,"column":4},"end":{"line":9,"column":50}},"9":{"start":{"line":11,"column":4},"end":{"line":11,"column":64}},"10":{"start":{"line":12,"column":4},"end":{"line":12,"column":123}},"11":{"start":{"line":16,"column":17},"end":{"line":27,"column":1}},"12":{"start":{"line":17,"column":2},"end":{"line":26,"column":3}},"13":{"start":{"line":18,"column":35},"end":{"line":18,"column":43}},"14":{"start":{"line":19,"column":4},"end":{"line":19,"column":93}},"15":{"start":{"line":20,"column":4},"end":{"line":20,"column":82}},"16":{"start":{"line":20,"column":19},"end":{"line":20,"column":82}},"17":{"start":{"line":21,"column":21},"end":{"line":21,"column":72}},"18":{"start":{"line":22,"column":4},"end":{"line":22,"column":50}},"19":{"start":{"line":24,"column":4},"end":{"line":24,"column":68}},"20":{"start":{"line":25,"column":4},"end":{"line":25,"column":65}},"21":{"start":{"line":29,"column":25},"end":{"line":39,"column":1}},"22":{"start":{"line":30,"column":2},"end":{"line":38,"column":3}},"23":{"start":{"line":31,"column":25},"end":{"line":31,"column":34}},"24":{"start":{"line":32,"column":4},"end":{"line":32,"column":75}},"25":{"start":{"line":33,"column":21},"end":{"line":33,"column":59}},"26":{"start":{"line":34,"column":4},"end":{"line":34,"column":50}},"27":{"start":{"line":36,"column":4},"end":{"line":36,"column":73}},"28":{"start":{"line":37,"column":4},"end":{"line":37,"column":66}},"29":{"start":{"line":41,"column":24},"end":{"line":51,"column":1}},"30":{"start":{"line":42,"column":2},"end":{"line":50,"column":3}},"31":{"start":{"line":43,"column":45},"end":{"line":43,"column":53}},"32":{"start":{"line":44,"column":4},"end":{"line":44,"column":117}},"33":{"start":{"line":45,"column":21},"end":{"line":45,"column":93}},"34":{"start":{"line":46,"column":4},"end":{"line":46,"column":50}},"35":{"start":{"line":48,"column":4},"end":{"line":48,"column":69}},"36":{"start":{"line":49,"column":4},"end":{"line":49,"column":64}},"37":{"start":{"line":53,"column":27},"end":{"line":63,"column":1}},"38":{"start":{"line":54,"column":2},"end":{"line":62,"column":3}},"39":{"start":{"line":55,"column":45},"end":{"line":55,"column":53}},"40":{"start":{"line":56,"column":4},"end":{"line":56,"column":124}},"41":{"start":{"line":57,"column":21},"end":{"line":57,"column":85}},"42":{"start":{"line":58,"column":4},"end":{"line":58,"column":50}},"43":{"start":{"line":60,"column":4},"end":{"line":60,"column":76}},"44":{"start":{"line":61,"column":4},"end":{"line":61,"column":68}},"45":{"start":{"line":65,"column":24},"end":{"line":75,"column":1}},"46":{"start":{"line":66,"column":2},"end":{"line":74,"column":3}},"47":{"start":{"line":67,"column":25},"end":{"line":67,"column":34}},"48":{"start":{"line":68,"column":4},"end":{"line":68,"column":74}},"49":{"start":{"line":69,"column":21},"end":{"line":69,"column":62}},"50":{"start":{"line":70,"column":4},"end":{"line":70,"column":50}},"51":{"start":{"line":72,"column":4},"end":{"line":72,"column":72}},"52":{"start":{"line":73,"column":4},"end":{"line":73,"column":60}},"53":{"start":{"line":77,"column":0},"end":{"line":77,"column":108}}},"fnMap":{"0":{"name":"(anonymous_0)","decl":{"start":{"line":3,"column":13},"end":{"line":3,"column":14}},"loc":{"start":{"line":3,"column":33},"end":{"line":14,"column":1}},"line":3},"1":{"name":"(anonymous_1)","decl":{"start":{"line":16,"column":17},"end":{"line":16,"column":18}},"loc":{"start":{"line":16,"column":37},"end":{"line":27,"column":1}},"line":16},"2":{"name":"(anonymous_2)","decl":{"start":{"line":29,"column":25},"end":{"line":29,"column":26}},"loc":{"start":{"line":29,"column":45},"end":{"line":39,"column":1}},"line":29},"3":{"name":"(anonymous_3)","decl":{"start":{"line":41,"column":24},"end":{"line":41,"column":25}},"loc":{"start":{"line":41,"column":44},"end":{"line":51,"column":1}},"line":41},"4":{"name":"(anonymous_4)","decl":{"start":{"line":53,"column":27},"end":{"line":53,"column":28}},"loc":{"start":{"line":53,"column":47},"end":{"line":63,"column":1}},"line":53},"5":{"name":"(anonymous_5)","decl":{"start":{"line":65,"column":24},"end":{"line":65,"column":25}},"loc":{"start":{"line":65,"column":44},"end":{"line":75,"column":1}},"line":65}},"branchMap":{"0":{"loc":{"start":{"line":7,"column":4},"end":{"line":7,"column":80}},"type":"if","locations":[{"start":{"line":7,"column":4},"end":{"line":7,"column":80}},{"start":{},"end":{}}],"line":7},"1":{"loc":{"start":{"line":20,"column":4},"end":{"line":20,"column":82}},"type":"if","locations":[{"start":{"line":20,"column":4},"end":{"line":20,"column":82}},{"start":{},"end":{}}],"line":20}},"s":{"0":1,"1":1,"2":3,"3":3,"4":3,"5":3,"6":1,"7":2,"8":1,"9":1,"10":1,"11":1,"12":4,"13":4,"14":4,"15":4,"16":1,"17":3,"18":2,"19":1,"20":1,"21":1,"22":2,"23":2,"24":2,"25":2,"26":1,"27":1,"28":1,"29":1,"30":2,"31":2,"32":2,"33":2,"34":1,"35":1,"36":1,"37":1,"38":2,"39":2,"40":2,"41":2,"42":1,"43":1,"44":1,"45":1,"46":2,"47":2,"48":2,"49":2,"50":1,"51":1,"52":1,"53":1},"f":{"0":3,"1":4,"2":2,"3":2,"4":2,"5":2},"b":{"0":[1,2],"1":[1,3]},"_coverageSchema":"1a1c01bbd47fc00a2c39e90264f33305004495a9","hash":"7c18891712b5b12e6ba8f04aa110f0662a9fdf07"}
,"C:\\Users\\Admin\\Desktop\\proj\\virtual promptwar\\server\\controllers\\crowdController.js": {"path":"C:\\Users\\Admin\\Desktop\\proj\\virtual promptwar\\server\\controllers\\crowdController.js","statementMap":{"0":{"start":{"line":1,"column":18},"end":{"line":1,"column":47}},"1":{"start":{"line":4,"column":18},"end":{"line":7,"column":1}},"2":{"start":{"line":5,"column":16},"end":{"line":5,"column":51}},"3":{"start":{"line":6,"column":2},"end":{"line":6,"column":62}},"4":{"start":{"line":9,"column":21},"end":{"line":22,"column":1}},"5":{"start":{"line":10,"column":19},"end":{"line":19,"column":3}},"6":{"start":{"line":14,"column":37},"end":{"line":18,"column":5}},"7":{"start":{"line":20,"column":2},"end":{"line":20,"column":101}},"8":{"start":{"line":21,"column":2},"end":{"line":21,"column":21}},"9":{"start":{"line":24,"column":21},"end":{"line":29,"column":1}},"10":{"start":{"line":25,"column":21},"end":{"line":25,"column":31}},"11":{"start":{"line":26,"column":15},"end":{"line":26,"column":71}},"12":{"start":{"line":26,"column":41},"end":{"line":26,"column":70}},"13":{"start":{"line":27,"column":2},"end":{"line":27,"column":70}},"14":{"start":{"line":27,"column":13},"end":{"line":27,"column":70}},"15":{"start":{"line":28,"column":2},"end":{"line":28,"column":83}},"16":{"start":{"line":31,"column":18},"end":{"line":33,"column":1}},"17":{"start":{"line":32,"column":2},"end":{"line":32,"column":64}},"18":{"start":{"line":35,"column":0},"end":{"line":35,"column":59}}},"fnMap":{"0":{"name":"(anonymous_0)","decl":{"start":{"line":4,"column":18},"end":{"line":4,"column":19}},"loc":{"start":{"line":4,"column":39},"end":{"line":7,"column":1}},"line":4},"1":{"name":"(anonymous_1)","decl":{"start":{"line":9,"column":21},"end":{"line":9,"column":22}},"loc":{"start":{"line":9,"column":35},"end":{"line":22,"column":1}},"line":9},"2":{"name":"(anonymous_2)","decl":{"start":{"line":14,"column":31},"end":{"line":14,"column":32}},"loc":{"start":{"line":14,"column":37},"end":{"line":18,"column":5}},"line":14},"3":{"name":"(anonymous_3)","decl":{"start":{"line":24,"column":21},"end":{"line":24,"column":22}},"loc":{"start":{"line":24,"column":35},"end":{"line":29,"column":1}},"line":24},"4":{"name":"(anonymous_4)","decl":{"start":{"line":26,"column":36},"end":{"line":26,"column":37}},"loc":{"start":{"line":26,"column":41},"end":{"line":26,"column":70}},"line":26},"5":{"name":"(anonymous_5)","decl":{"start":{"line":31,"column":18},"end":{"line":31,"column":19}},"loc":{"start":{"line":31,"column":32},"end":{"line":33,"column":1}},"line":31}},"branchMap":{"0":{"loc":{"start":{"line":4,"column":25},"end":{"line":4,"column":34}},"type":"default-arg","locations":[{"start":{"line":4,"column":33},"end":{"line":4,"column":34}}],"line":4},"1":{"loc":{"start":{"line":27,"column":2},"end":{"line":27,"column":70}},"type":"if","locations":[{"start":{"line":27,"column":2},"end":{"line":27,"column":70}},{"start":{},"end":{}}],"line":27}},"s":{"0":2,"1":2,"2":19,"3":19,"4":2,"5":3,"6":18,"7":3,"8":3,"9":2,"10":2,"11":2,"12":7,"13":2,"14":1,"15":1,"16":2,"17":1,"18":2},"f":{"0":19,"1":3,"2":18,"3":2,"4":7,"5":1},"b":{"0":[19],"1":[1,1]},"_coverageSchema":"1a1c01bbd47fc00a2c39e90264f33305004495a9","hash":"81dff75cc8a9acdc683e8dd03c4bdb79005dad65"}
,"C:\\Users\\Admin\\Desktop\\proj\\virtual promptwar\\server\\controllers\\incidentController.js": {"path":"C:\\Users\\Admin\\Desktop\\proj\\virtual promptwar\\server\\controllers\\incidentController.js","statementMap":{"0":{"start":{"line":1,"column":17},"end":{"line":1,"column":46}},"1":{"start":{"line":2,"column":18},"end":{"line":2,"column":50}},"2":{"start":{"line":5,"column":24},"end":{"line":5,"column":26}},"3":{"start":{"line":6,"column":16},"end":{"line":6,"column":21}},"4":{"start":{"line":8,"column":16},"end":{"line":11,"column":1}},"5":{"start":{"line":9,"column":25},"end":{"line":9,"column":55}},"6":{"start":{"line":10,"column":2},"end":{"line":10,"column":31}},"7":{"start":{"line":13,"column":15},"end":{"line":21,"column":1}},"8":{"start":{"line":14,"column":2},"end":{"line":14,"column":12}},"9":{"start":{"line":15,"column":2},"end":{"line":20,"column":3}},"10":{"start":{"line":16,"column":22},"end":{"line":16,"column":109}},"11":{"start":{"line":17,"column":4},"end":{"line":17,"column":24}},"12":{"start":{"line":19,"column":4},"end":{"line":19,"column":32}},"13":{"start":{"line":23,"column":15},"end":{"line":55,"column":1}},"14":{"start":{"line":24,"column":2},"end":{"line":24,"column":12}},"15":{"start":{"line":25,"column":64},"end":{"line":25,"column":72}},"16":{"start":{"line":26,"column":2},"end":{"line":28,"column":3}},"17":{"start":{"line":27,"column":4},"end":{"line":27,"column":66}},"18":{"start":{"line":30,"column":15},"end":{"line":30,"column":17}},"19":{"start":{"line":31,"column":2},"end":{"line":33,"column":12}},"20":{"start":{"line":32,"column":4},"end":{"line":32,"column":91}},"21":{"start":{"line":35,"column":23},"end":{"line":42,"column":3}},"22":{"start":{"line":44,"column":2},"end":{"line":54,"column":3}},"23":{"start":{"line":45,"column":4},"end":{"line":49,"column":5}},"24":{"start":{"line":46,"column":23},"end":{"line":46,"column":70}},"25":{"start":{"line":47,"column":6},"end":{"line":47,"column":42}},"26":{"start":{"line":48,"column":6},"end":{"line":48,"column":44}},"27":{"start":{"line":50,"column":21},"end":{"line":50,"column":56}},"28":{"start":{"line":51,"column":4},"end":{"line":51,"column":35}},"29":{"start":{"line":53,"column":4},"end":{"line":53,"column":65}},"30":{"start":{"line":57,"column":21},"end":{"line":74,"column":1}},"31":{"start":{"line":58,"column":2},"end":{"line":58,"column":12}},"32":{"start":{"line":59,"column":17},"end":{"line":59,"column":27}},"33":{"start":{"line":60,"column":21},"end":{"line":60,"column":29}},"34":{"start":{"line":61,"column":2},"end":{"line":73,"column":3}},"35":{"start":{"line":62,"column":4},"end":{"line":67,"column":5}},"36":{"start":{"line":63,"column":18},"end":{"line":63,"column":64}},"37":{"start":{"line":63,"column":51},"end":{"line":63,"column":63}},"38":{"start":{"line":64,"column":6},"end":{"line":64,"column":74}},"39":{"start":{"line":64,"column":22},"end":{"line":64,"column":74}},"40":{"start":{"line":65,"column":6},"end":{"line":65,"column":45}},"41":{"start":{"line":66,"column":6},"end":{"line":66,"column":46}},"42":{"start":{"line":68,"column":21},"end":{"line":68,"column":107}},"43":{"start":{"line":69,"column":4},"end":{"line":69,"column":71}},"44":{"start":{"line":69,"column":19},"end":{"line":69,"column":71}},"45":{"start":{"line":70,"column":4},"end":{"line":70,"column":23}},"46":{"start":{"line":72,"column":4},"end":{"line":72,"column":56}},"47":{"start":{"line":76,"column":0},"end":{"line":76,"column":50}}},"fnMap":{"0":{"name":"(anonymous_0)","decl":{"start":{"line":8,"column":16},"end":{"line":8,"column":17}},"loc":{"start":{"line":8,"column":22},"end":{"line":11,"column":1}},"line":8},"1":{"name":"(anonymous_1)","decl":{"start":{"line":13,"column":15},"end":{"line":13,"column":16}},"loc":{"start":{"line":13,"column":35},"end":{"line":21,"column":1}},"line":13},"2":{"name":"(anonymous_2)","decl":{"start":{"line":23,"column":15},"end":{"line":23,"column":16}},"loc":{"start":{"line":23,"column":35},"end":{"line":55,"column":1}},"line":23},"3":{"name":"(anonymous_3)","decl":{"start":{"line":57,"column":21},"end":{"line":57,"column":22}},"loc":{"start":{"line":57,"column":41},"end":{"line":74,"column":1}},"line":57},"4":{"name":"(anonymous_4)","decl":{"start":{"line":63,"column":46},"end":{"line":63,"column":47}},"loc":{"start":{"line":63,"column":51},"end":{"line":63,"column":63}},"line":63}},"branchMap":{"0":{"loc":{"start":{"line":16,"column":22},"end":{"line":16,"column":109}},"type":"cond-expr","locations":[{"start":{"line":16,"column":34},"end":{"line":16,"column":51}},{"start":{"line":16,"column":54},"end":{"line":16,"column":109}}],"line":16},"1":{"loc":{"start":{"line":26,"column":2},"end":{"line":28,"column":3}},"type":"if","locations":[{"start":{"line":26,"column":2},"end":{"line":28,"column":3}},{"start":{},"end":{}}],"line":26},"2":{"loc":{"start":{"line":26,"column":6},"end":{"line":26,"column":53}},"type":"binary-expr","locations":[{"start":{"line":26,"column":6},"end":{"line":26,"column":11}},{"start":{"line":26,"column":15},"end":{"line":26,"column":24}},{"start":{"line":26,"column":28},"end":{"line":26,"column":37}},{"start":{"line":26,"column":41},"end":{"line":26,"column":53}}],"line":26},"3":{"loc":{"start":{"line":37,"column":16},"end":{"line":37,"column":41}},"type":"binary-expr","locations":[{"start":{"line":37,"column":16},"end":{"line":37,"column":26}},{"start":{"line":37,"column":30},"end":{"line":37,"column":41}}],"line":37},"4":{"loc":{"start":{"line":39,"column":16},"end":{"line":39,"column":43}},"type":"binary-expr","locations":[{"start":{"line":39,"column":16},"end":{"line":39,"column":31}},{"start":{"line":39,"column":35},"end":{"line":39,"column":43}}],"line":39},"5":{"loc":{"start":{"line":40,"column":22},"end":{"line":40,"column":75}},"type":"binary-expr","locations":[{"start":{"line":40,"column":22},"end":{"line":40,"column":43}},{"start":{"line":40,"column":47},"end":{"line":40,"column":75}}],"line":40},"6":{"loc":{"start":{"line":45,"column":4},"end":{"line":49,"column":5}},"type":"if","locations":[{"start":{"line":45,"column":4},"end":{"line":49,"column":5}},{"start":{},"end":{}}],"line":45},"7":{"loc":{"start":{"line":62,"column":4},"end":{"line":67,"column":5}},"type":"if","locations":[{"start":{"line":62,"column":4},"end":{"line":67,"column":5}},{"start":{},"end":{}}],"line":62},"8":{"loc":{"start":{"line":64,"column":6},"end":{"line":64,"column":74}},"type":"if","locations":[{"start":{"line":64,"column":6},"end":{"line":64,"column":74}},{"start":{},"end":{}}],"line":64},"9":{"loc":{"start":{"line":69,"column":4},"end":{"line":69,"column":71}},"type":"if","locations":[{"start":{"line":69,"column":4},"end":{"line":69,"column":71}},{"start":{},"end":{}}],"line":69}},"s":{"0":1,"1":1,"2":1,"3":1,"4":1,"5":8,"6":8,"7":1,"8":2,"9":2,"10":2,"11":1,"12":1,"13":1,"14":3,"15":3,"16":3,"17":1,"18":2,"19":2,"20":2,"21":2,"22":2,"23":2,"24":1,"25":1,"26":1,"27":1,"28":0,"29":1,"30":1,"31":3,"32":3,"33":3,"34":3,"35":3,"36":2,"37":2,"38":2,"39":1,"40":1,"41":1,"42":1,"43":0,"44":0,"45":0,"46":1,"47":1},"f":{"0":8,"1":2,"2":3,"3":3,"4":2},"b":{"0":[1,1],"1":[1,2],"2":[3,3,2,2],"3":[2,1],"4":[2,0],"5":[2,0],"6":[1,1],"7":[2,1],"8":[1,1],"9":[0,0]},"_coverageSchema":"1a1c01bbd47fc00a2c39e90264f33305004495a9","hash":"368d15660fa8dadedc1fe9b33ed5f6f712bb87ed"}
,"C:\\Users\\Admin\\Desktop\\proj\\virtual promptwar\\server\\controllers\\transportController.js": {"path":"C:\\Users\\Admin\\Desktop\\proj\\virtual promptwar\\server\\controllers\\transportController.js","statementMap":{"0":{"start":{"line":1,"column":22},"end":{"line":1,"column":55}},"1":{"start":{"line":3,"column":15},"end":{"line":5,"column":1}},"2":{"start":{"line":4,"column":2},"end":{"line":4,"column":26}},"3":{"start":{"line":7,"column":16},"end":{"line":12,"column":1}},"4":{"start":{"line":8,"column":17},"end":{"line":8,"column":27}},"5":{"start":{"line":9,"column":17},"end":{"line":9,"column":61}},"6":{"start":{"line":9,"column":49},"end":{"line":9,"column":60}},"7":{"start":{"line":10,"column":2},"end":{"line":10,"column":84}},"8":{"start":{"line":10,"column":15},"end":{"line":10,"column":84}},"9":{"start":{"line":11,"column":2},"end":{"line":11,"column":19}},"10":{"start":{"line":14,"column":23},"end":{"line":17,"column":1}},"11":{"start":{"line":15,"column":22},"end":{"line":15,"column":53}},"12":{"start":{"line":16,"column":2},"end":{"line":16,"column":24}},"13":{"start":{"line":19,"column":0},"end":{"line":19,"column":53}}},"fnMap":{"0":{"name":"(anonymous_0)","decl":{"start":{"line":3,"column":15},"end":{"line":3,"column":16}},"loc":{"start":{"line":3,"column":29},"end":{"line":5,"column":1}},"line":3},"1":{"name":"(anonymous_1)","decl":{"start":{"line":7,"column":16},"end":{"line":7,"column":17}},"loc":{"start":{"line":7,"column":30},"end":{"line":12,"column":1}},"line":7},"2":{"name":"(anonymous_2)","decl":{"start":{"line":9,"column":44},"end":{"line":9,"column":45}},"loc":{"start":{"line":9,"column":49},"end":{"line":9,"column":60}},"line":9},"3":{"name":"(anonymous_3)","decl":{"start":{"line":14,"column":23},"end":{"line":14,"column":24}},"loc":{"start":{"line":14,"column":37},"end":{"line":17,"column":1}},"line":14}},"branchMap":{"0":{"loc":{"start":{"line":10,"column":2},"end":{"line":10,"column":84}},"type":"if","locations":[{"start":{"line":10,"column":2},"end":{"line":10,"column":84}},{"start":{},"end":{}}],"line":10}},"s":{"0":1,"1":1,"2":2,"3":1,"4":2,"5":2,"6":6,"7":2,"8":1,"9":1,"10":1,"11":1,"12":1,"13":1},"f":{"0":2,"1":2,"2":6,"3":1},"b":{"0":[1,1]},"_coverageSchema":"1a1c01bbd47fc00a2c39e90264f33305004495a9","hash":"851714f7bd921a461f269f77ff63687bc891c325"}
,"C:\\Users\\Admin\\Desktop\\proj\\virtual promptwar\\server\\middlewares\\errorHandler.js": {"path":"C:\\Users\\Admin\\Desktop\\proj\\virtual promptwar\\server\\middlewares\\errorHandler.js","statementMap":{"0":{"start":{"line":1,"column":21},"end":{"line":9,"column":1}},"1":{"start":{"line":2,"column":2},"end":{"line":2,"column":41}},"2":{"start":{"line":3,"column":17},"end":{"line":3,"column":34}},"3":{"start":{"line":4,"column":2},"end":{"line":8,"column":5}},"4":{"start":{"line":11,"column":0},"end":{"line":11,"column":30}}},"fnMap":{"0":{"name":"(anonymous_0)","decl":{"start":{"line":1,"column":21},"end":{"line":1,"column":22}},"loc":{"start":{"line":1,"column":46},"end":{"line":9,"column":1}},"line":1}},"branchMap":{"0":{"loc":{"start":{"line":3,"column":17},"end":{"line":3,"column":34}},"type":"binary-expr","locations":[{"start":{"line":3,"column":17},"end":{"line":3,"column":27}},{"start":{"line":3,"column":31},"end":{"line":3,"column":34}}],"line":3},"1":{"loc":{"start":{"line":5,"column":11},"end":{"line":5,"column":49}},"type":"binary-expr","locations":[{"start":{"line":5,"column":11},"end":{"line":5,"column":22}},{"start":{"line":5,"column":26},"end":{"line":5,"column":49}}],"line":5}},"s":{"0":1,"1":0,"2":0,"3":0,"4":1},"f":{"0":0},"b":{"0":[0,0],"1":[0,0]},"_coverageSchema":"1a1c01bbd47fc00a2c39e90264f33305004495a9","hash":"6b036ba9cca42dc936a0401f66dd60c45ba9730d"}
,"C:\\Users\\Admin\\Desktop\\proj\\virtual promptwar\\server\\middlewares\\rateLimiter.js": {"path":"C:\\Users\\Admin\\Desktop\\proj\\virtual promptwar\\server\\middlewares\\rateLimiter.js","statementMap":{"0":{"start":{"line":1,"column":18},"end":{"line":1,"column":47}},"1":{"start":{"line":3,"column":19},"end":{"line":7,"column":2}},"2":{"start":{"line":9,"column":18},"end":{"line":13,"column":2}},"3":{"start":{"line":15,"column":0},"end":{"line":15,"column":43}}},"fnMap":{},"branchMap":{},"s":{"0":1,"1":1,"2":1,"3":1},"f":{},"b":{},"_coverageSchema":"1a1c01bbd47fc00a2c39e90264f33305004495a9","hash":"b990514de74405014279782a828a6002aa00f791"}
,"C:\\Users\\Admin\\Desktop\\proj\\virtual promptwar\\server\\models\\Incident.js": {"path":"C:\\Users\\Admin\\Desktop\\proj\\virtual promptwar\\server\\models\\Incident.js","statementMap":{"0":{"start":{"line":1,"column":17},"end":{"line":1,"column":36}},"1":{"start":{"line":3,"column":23},"end":{"line":26,"column":24}},"2":{"start":{"line":28,"column":0},"end":{"line":28,"column":60}}},"fnMap":{},"branchMap":{},"s":{"0":1,"1":1,"2":1},"f":{},"b":{},"_coverageSchema":"1a1c01bbd47fc00a2c39e90264f33305004495a9","hash":"7c0e77e44b4628fabfedd68935e1c747f221ae5d"}
,"C:\\Users\\Admin\\Desktop\\proj\\virtual promptwar\\server\\routes\\ai.js": {"path":"C:\\Users\\Admin\\Desktop\\proj\\virtual promptwar\\server\\routes\\ai.js","statementMap":{"0":{"start":{"line":1,"column":16},"end":{"line":1,"column":34}},"1":{"start":{"line":2,"column":15},"end":{"line":2,"column":31}},"2":{"start":{"line":3,"column":99},"end":{"line":3,"column":137}},"3":{"start":{"line":5,"column":0},"end":{"line":5,"column":27}},"4":{"start":{"line":6,"column":0},"end":{"line":6,"column":35}},"5":{"start":{"line":7,"column":0},"end":{"line":7,"column":48}},"6":{"start":{"line":8,"column":0},"end":{"line":8,"column":43}},"7":{"start":{"line":9,"column":0},"end":{"line":9,"column":53}},"8":{"start":{"line":10,"column":0},"end":{"line":10,"column":46}},"9":{"start":{"line":12,"column":0},"end":{"line":12,"column":24}}},"fnMap":{},"branchMap":{},"s":{"0":1,"1":1,"2":1,"3":1,"4":1,"5":1,"6":1,"7":1,"8":1,"9":1},"f":{},"b":{},"_coverageSchema":"1a1c01bbd47fc00a2c39e90264f33305004495a9","hash":"1185951272ad64cdd4f63310bc1d4d484c2a00f5"}
,"C:\\Users\\Admin\\Desktop\\proj\\virtual promptwar\\server\\routes\\crowd.js": {"path":"C:\\Users\\Admin\\Desktop\\proj\\virtual promptwar\\server\\routes\\crowd.js","statementMap":{"0":{"start":{"line":1,"column":16},"end":{"line":1,"column":34}},"1":{"start":{"line":2,"column":15},"end":{"line":2,"column":31}},"2":{"start":{"line":3,"column":50},"end":{"line":3,"column":91}},"3":{"start":{"line":5,"column":0},"end":{"line":5,"column":30}},"4":{"start":{"line":6,"column":0},"end":{"line":6,"column":42}},"5":{"start":{"line":7,"column":0},"end":{"line":7,"column":33}},"6":{"start":{"line":9,"column":0},"end":{"line":9,"column":24}}},"fnMap":{},"branchMap":{},"s":{"0":1,"1":1,"2":1,"3":1,"4":1,"5":1,"6":1},"f":{},"b":{},"_coverageSchema":"1a1c01bbd47fc00a2c39e90264f33305004495a9","hash":"6291234ca554b57030de05c92aee605a4d08c1b9"}
,"C:\\Users\\Admin\\Desktop\\proj\\virtual promptwar\\server\\routes\\incidents.js": {"path":"C:\\Users\\Admin\\Desktop\\proj\\virtual promptwar\\server\\routes\\incidents.js","statementMap":{"0":{"start":{"line":1,"column":16},"end":{"line":1,"column":34}},"1":{"start":{"line":2,"column":15},"end":{"line":2,"column":31}},"2":{"start":{"line":3,"column":41},"end":{"line":3,"column":85}},"3":{"start":{"line":5,"column":0},"end":{"line":5,"column":24}},"4":{"start":{"line":6,"column":0},"end":{"line":6,"column":25}},"5":{"start":{"line":7,"column":0},"end":{"line":7,"column":42}},"6":{"start":{"line":9,"column":0},"end":{"line":9,"column":24}}},"fnMap":{},"branchMap":{},"s":{"0":1,"1":1,"2":1,"3":1,"4":1,"5":1,"6":1},"f":{},"b":{},"_coverageSchema":"1a1c01bbd47fc00a2c39e90264f33305004495a9","hash":"49f951cfce7cedd9f002b61dc73cfe94dbbe93e2"}
,"C:\\Users\\Admin\\Desktop\\proj\\virtual promptwar\\server\\routes\\transport.js": {"path":"C:\\Users\\Admin\\Desktop\\proj\\virtual promptwar\\server\\routes\\transport.js","statementMap":{"0":{"start":{"line":1,"column":16},"end":{"line":1,"column":34}},"1":{"start":{"line":2,"column":15},"end":{"line":2,"column":31}},"2":{"start":{"line":3,"column":44},"end":{"line":3,"column":89}},"3":{"start":{"line":5,"column":0},"end":{"line":5,"column":24}},"4":{"start":{"line":6,"column":0},"end":{"line":6,"column":39}},"5":{"start":{"line":7,"column":0},"end":{"line":7,"column":28}},"6":{"start":{"line":9,"column":0},"end":{"line":9,"column":24}}},"fnMap":{},"branchMap":{},"s":{"0":1,"1":1,"2":1,"3":1,"4":1,"5":1,"6":1},"f":{},"b":{},"_coverageSchema":"1a1c01bbd47fc00a2c39e90264f33305004495a9","hash":"66beeca1a93f44ec5af2838386854d1dd2e1beda"}
,"C:\\Users\\Admin\\Desktop\\proj\\virtual promptwar\\server\\services\\aiService.js": {"path":"C:\\Users\\Admin\\Desktop\\proj\\virtual promptwar\\server\\services\\aiService.js","statementMap":{"0":{"start":{"line":1,"column":31},"end":{"line":1,"column":63}},"1":{"start":{"line":2,"column":20},"end":{"line":2,"column":51}},"2":{"start":{"line":3,"column":18},"end":{"line":3,"column":47}},"3":{"start":{"line":4,"column":22},"end":{"line":4,"column":55}},"4":{"start":{"line":7,"column":21},"end":{"line":12,"column":1}},"5":{"start":{"line":8,"column":2},"end":{"line":10,"column":3}},"6":{"start":{"line":9,"column":4},"end":{"line":9,"column":63}},"7":{"start":{"line":11,"column":2},"end":{"line":11,"column":15}},"8":{"start":{"line":14,"column":23},"end":{"line":28,"column":1}},"9":{"start":{"line":30,"column":19},"end":{"line":62,"column":1}},"10":{"start":{"line":31,"column":13},"end":{"line":31,"column":27}},"11":{"start":{"line":32,"column":2},"end":{"line":32,"column":55}},"12":{"start":{"line":32,"column":11},"end":{"line":32,"column":55}},"13":{"start":{"line":34,"column":16},"end":{"line":34,"column":68}},"14":{"start":{"line":35,"column":23},"end":{"line":35,"column":99}},"15":{"start":{"line":37,"column":22},"end":{"line":41,"column":26}},"16":{"start":{"line":43,"column":2},"end":{"line":61,"column":3}},"17":{"start":{"line":43,"column":21},"end":{"line":43,"column":22}},"18":{"start":{"line":45,"column":4},"end":{"line":60,"column":5}},"19":{"start":{"line":46,"column":30},"end":{"line":46,"column":64}},"20":{"start":{"line":47,"column":29},"end":{"line":49,"column":8}},"21":{"start":{"line":48,"column":8},"end":{"line":48,"column":74}},"22":{"start":{"line":48,"column":37},"end":{"line":48,"column":65}},"23":{"start":{"line":51,"column":21},"end":{"line":51,"column":74}},"24":{"start":{"line":52,"column":6},"end":{"line":52,"column":30}},"25":{"start":{"line":53,"column":6},"end":{"line":53,"column":36}},"26":{"start":{"line":55,"column":6},"end":{"line":55,"column":45}},"27":{"start":{"line":55,"column":21},"end":{"line":55,"column":45}},"28":{"start":{"line":56,"column":6},"end":{"line":56,"column":41}},"29":{"start":{"line":56,"column":31},"end":{"line":56,"column":41}},"30":{"start":{"line":57,"column":6},"end":{"line":59,"column":7}},"31":{"start":{"line":58,"column":8},"end":{"line":58,"column":68}},"32":{"start":{"line":58,"column":31},"end":{"line":58,"column":66}},"33":{"start":{"line":65,"column":24},"end":{"line":91,"column":1}},"34":{"start":{"line":66,"column":19},"end":{"line":68,"column":14}},"35":{"start":{"line":67,"column":4},"end":{"line":67,"column":99}},"36":{"start":{"line":69,"column":23},"end":{"line":71,"column":14}},"37":{"start":{"line":70,"column":4},"end":{"line":70,"column":42}},"38":{"start":{"line":73,"column":17},"end":{"line":85,"column":1}},"39":{"start":{"line":86,"column":2},"end":{"line":90,"column":3}},"40":{"start":{"line":87,"column":4},"end":{"line":87,"column":46}},"41":{"start":{"line":89,"column":4},"end":{"line":89,"column":53}},"42":{"start":{"line":94,"column":21},"end":{"line":116,"column":1}},"43":{"start":{"line":95,"column":21},"end":{"line":97,"column":14}},"44":{"start":{"line":96,"column":4},"end":{"line":96,"column":65}},"45":{"start":{"line":99,"column":17},"end":{"line":110,"column":1}},"46":{"start":{"line":111,"column":2},"end":{"line":115,"column":3}},"47":{"start":{"line":112,"column":4},"end":{"line":112,"column":46}},"48":{"start":{"line":114,"column":4},"end":{"line":114,"column":46}},"49":{"start":{"line":119,"column":27},"end":{"line":150,"column":1}},"50":{"start":{"line":120,"column":17},"end":{"line":136,"column":1}},"51":{"start":{"line":137,"column":2},"end":{"line":149,"column":3}},"52":{"start":{"line":138,"column":17},"end":{"line":138,"column":51}},"53":{"start":{"line":139,"column":20},"end":{"line":139,"column":65}},"54":{"start":{"line":140,"column":4},"end":{"line":140,"column":31}},"55":{"start":{"line":142,"column":4},"end":{"line":148,"column":6}},"56":{"start":{"line":153,"column":35},"end":{"line":175,"column":1}},"57":{"start":{"line":154,"column":18},"end":{"line":156,"column":14}},"58":{"start":{"line":155,"column":4},"end":{"line":155,"column":158}},"59":{"start":{"line":158,"column":17},"end":{"line":169,"column":1}},"60":{"start":{"line":170,"column":2},"end":{"line":174,"column":3}},"61":{"start":{"line":171,"column":4},"end":{"line":171,"column":46}},"62":{"start":{"line":173,"column":4},"end":{"line":173,"column":42}},"63":{"start":{"line":178,"column":20},"end":{"line":189,"column":1}},"64":{"start":{"line":179,"column":17},"end":{"line":182,"column":67}},"65":{"start":{"line":183,"column":2},"end":{"line":188,"column":3}},"66":{"start":{"line":184,"column":4},"end":{"line":184,"column":46}},"67":{"start":{"line":186,"column":4},"end":{"line":186,"column":58}},"68":{"start":{"line":187,"column":4},"end":{"line":187,"column":341}},"69":{"start":{"line":192,"column":27},"end":{"line":214,"column":1}},"70":{"start":{"line":193,"column":21},"end":{"line":193,"column":69}},"71":{"start":{"line":193,"column":56},"end":{"line":193,"column":68}},"72":{"start":{"line":195,"column":17},"end":{"line":208,"column":1}},"73":{"start":{"line":200,"column":55},"end":{"line":200,"column":82}},"74":{"start":{"line":209,"column":2},"end":{"line":213,"column":3}},"75":{"start":{"line":210,"column":4},"end":{"line":210,"column":46}},"76":{"start":{"line":212,"column":4},"end":{"line":212,"column":511}},"77":{"start":{"line":217,"column":24},"end":{"line":243,"column":1}},"78":{"start":{"line":218,"column":17},"end":{"line":218,"column":33}},"79":{"start":{"line":219,"column":20},"end":{"line":219,"column":63}},"80":{"start":{"line":219,"column":48},"end":{"line":219,"column":62}},"81":{"start":{"line":220,"column":19},"end":{"line":220,"column":62}},"82":{"start":{"line":220,"column":47},"end":{"line":220,"column":61}},"83":{"start":{"line":222,"column":17},"end":{"line":237,"column":1}},"84":{"start":{"line":227,"column":43},"end":{"line":227,"column":75}},"85":{"start":{"line":228,"column":41},"end":{"line":228,"column":73}},"86":{"start":{"line":229,"column":35},"end":{"line":229,"column":44}},"87":{"start":{"line":238,"column":2},"end":{"line":242,"column":3}},"88":{"start":{"line":239,"column":4},"end":{"line":239,"column":46}},"89":{"start":{"line":241,"column":4},"end":{"line":241,"column":45}},"90":{"start":{"line":246,"column":30},"end":{"line":254,"column":1}},"91":{"start":{"line":247,"column":2},"end":{"line":249,"column":3}},"92":{"start":{"line":248,"column":4},"end":{"line":248,"column":341}},"93":{"start":{"line":250,"column":2},"end":{"line":252,"column":3}},"94":{"start":{"line":251,"column":4},"end":{"line":251,"column":314}},"95":{"start":{"line":253,"column":2},"end":{"line":253,"column":356}},"96":{"start":{"line":256,"column":33},"end":{"line":264,"column":1}},"97":{"start":{"line":257,"column":2},"end":{"line":259,"column":3}},"98":{"start":{"line":258,"column":4},"end":{"line":258,"column":242}},"99":{"start":{"line":260,"column":2},"end":{"line":262,"column":3}},"100":{"start":{"line":261,"column":4},"end":{"line":261,"column":239}},"101":{"start":{"line":263,"column":2},"end":{"line":263,"column":236}},"102":{"start":{"line":266,"column":29},"end":{"line":274,"column":1}},"103":{"start":{"line":267,"column":2},"end":{"line":269,"column":3}},"104":{"start":{"line":268,"column":4},"end":{"line":268,"column":154}},"105":{"start":{"line":270,"column":2},"end":{"line":272,"column":3}},"106":{"start":{"line":271,"column":4},"end":{"line":271,"column":151}},"107":{"start":{"line":273,"column":2},"end":{"line":273,"column":209}},"108":{"start":{"line":276,"column":32},"end":{"line":284,"column":1}},"109":{"start":{"line":277,"column":2},"end":{"line":279,"column":3}},"110":{"start":{"line":278,"column":4},"end":{"line":278,"column":226}},"111":{"start":{"line":280,"column":2},"end":{"line":282,"column":3}},"112":{"start":{"line":281,"column":4},"end":{"line":281,"column":225}},"113":{"start":{"line":283,"column":2},"end":{"line":283,"column":276}},"114":{"start":{"line":286,"column":0},"end":{"line":294,"column":2}}},"fnMap":{"0":{"name":"(anonymous_0)","decl":{"start":{"line":7,"column":21},"end":{"line":7,"column":22}},"loc":{"start":{"line":7,"column":27},"end":{"line":12,"column":1}},"line":7},"1":{"name":"(anonymous_1)","decl":{"start":{"line":30,"column":19},"end":{"line":30,"column":20}},"loc":{"start":{"line":30,"column":67},"end":{"line":62,"column":1}},"line":30},"2":{"name":"(anonymous_2)","decl":{"start":{"line":47,"column":41},"end":{"line":47,"column":42}},"loc":{"start":{"line":47,"column":56},"end":{"line":49,"column":7}},"line":47},"3":{"name":"(anonymous_3)","decl":{"start":{"line":48,"column":31},"end":{"line":48,"column":32}},"loc":{"start":{"line":48,"column":37},"end":{"line":48,"column":65}},"line":48},"4":{"name":"(anonymous_4)","decl":{"start":{"line":58,"column":26},"end":{"line":58,"column":27}},"loc":{"start":{"line":58,"column":31},"end":{"line":58,"column":66}},"line":58},"5":{"name":"(anonymous_5)","decl":{"start":{"line":65,"column":24},"end":{"line":65,"column":25}},"loc":{"start":{"line":65,"column":61},"end":{"line":91,"column":1}},"line":65},"6":{"name":"(anonymous_6)","decl":{"start":{"line":66,"column":41},"end":{"line":66,"column":42}},"loc":{"start":{"line":67,"column":4},"end":{"line":67,"column":99}},"line":67},"7":{"name":"(anonymous_7)","decl":{"start":{"line":69,"column":50},"end":{"line":69,"column":51}},"loc":{"start":{"line":70,"column":4},"end":{"line":70,"column":42}},"line":70},"8":{"name":"(anonymous_8)","decl":{"start":{"line":94,"column":21},"end":{"line":94,"column":22}},"loc":{"start":{"line":94,"column":48},"end":{"line":116,"column":1}},"line":94},"9":{"name":"(anonymous_9)","decl":{"start":{"line":95,"column":41},"end":{"line":95,"column":42}},"loc":{"start":{"line":96,"column":4},"end":{"line":96,"column":65}},"line":96},"10":{"name":"(anonymous_10)","decl":{"start":{"line":119,"column":27},"end":{"line":119,"column":28}},"loc":{"start":{"line":119,"column":64},"end":{"line":150,"column":1}},"line":119},"11":{"name":"(anonymous_11)","decl":{"start":{"line":153,"column":35},"end":{"line":153,"column":36}},"loc":{"start":{"line":153,"column":82},"end":{"line":175,"column":1}},"line":153},"12":{"name":"(anonymous_12)","decl":{"start":{"line":154,"column":44},"end":{"line":154,"column":45}},"loc":{"start":{"line":155,"column":4},"end":{"line":155,"column":158}},"line":155},"13":{"name":"(anonymous_13)","decl":{"start":{"line":178,"column":20},"end":{"line":178,"column":21}},"loc":{"start":{"line":178,"column":56},"end":{"line":189,"column":1}},"line":178},"14":{"name":"(anonymous_14)","decl":{"start":{"line":192,"column":27},"end":{"line":192,"column":28}},"loc":{"start":{"line":192,"column":74},"end":{"line":214,"column":1}},"line":192},"15":{"name":"(anonymous_15)","decl":{"start":{"line":193,"column":51},"end":{"line":193,"column":52}},"loc":{"start":{"line":193,"column":56},"end":{"line":193,"column":68}},"line":193},"16":{"name":"(anonymous_16)","decl":{"start":{"line":200,"column":50},"end":{"line":200,"column":51}},"loc":{"start":{"line":200,"column":55},"end":{"line":200,"column":82}},"line":200},"17":{"name":"(anonymous_17)","decl":{"start":{"line":217,"column":24},"end":{"line":217,"column":25}},"loc":{"start":{"line":217,"column":51},"end":{"line":243,"column":1}},"line":217},"18":{"name":"(anonymous_18)","decl":{"start":{"line":219,"column":43},"end":{"line":219,"column":44}},"loc":{"start":{"line":219,"column":48},"end":{"line":219,"column":62}},"line":219},"19":{"name":"(anonymous_19)","decl":{"start":{"line":220,"column":42},"end":{"line":220,"column":43}},"loc":{"start":{"line":220,"column":47},"end":{"line":220,"column":61}},"line":220},"20":{"name":"(anonymous_20)","decl":{"start":{"line":227,"column":38},"end":{"line":227,"column":39}},"loc":{"start":{"line":227,"column":43},"end":{"line":227,"column":75}},"line":227},"21":{"name":"(anonymous_21)","decl":{"start":{"line":228,"column":36},"end":{"line":228,"column":37}},"loc":{"start":{"line":228,"column":41},"end":{"line":228,"column":73}},"line":228},"22":{"name":"(anonymous_22)","decl":{"start":{"line":229,"column":30},"end":{"line":229,"column":31}},"loc":{"start":{"line":229,"column":35},"end":{"line":229,"column":44}},"line":229},"23":{"name":"(anonymous_23)","decl":{"start":{"line":246,"column":30},"end":{"line":246,"column":31}},"loc":{"start":{"line":246,"column":50},"end":{"line":254,"column":1}},"line":246},"24":{"name":"(anonymous_24)","decl":{"start":{"line":256,"column":33},"end":{"line":256,"column":34}},"loc":{"start":{"line":256,"column":43},"end":{"line":264,"column":1}},"line":256},"25":{"name":"(anonymous_25)","decl":{"start":{"line":266,"column":29},"end":{"line":266,"column":30}},"loc":{"start":{"line":266,"column":39},"end":{"line":274,"column":1}},"line":266},"26":{"name":"(anonymous_26)","decl":{"start":{"line":276,"column":32},"end":{"line":276,"column":33}},"loc":{"start":{"line":276,"column":42},"end":{"line":284,"column":1}},"line":276}},"branchMap":{"0":{"loc":{"start":{"line":8,"column":2},"end":{"line":10,"column":3}},"type":"if","locations":[{"start":{"line":8,"column":2},"end":{"line":10,"column":3}},{"start":{},"end":{}}],"line":8},"1":{"loc":{"start":{"line":8,"column":6},"end":{"line":8,"column":42}},"type":"binary-expr","locations":[{"start":{"line":8,"column":6},"end":{"line":8,"column":12}},{"start":{"line":8,"column":16},"end":{"line":8,"column":42}}],"line":8},"2":{"loc":{"start":{"line":30,"column":34},"end":{"line":30,"column":49}},"type":"default-arg","locations":[{"start":{"line":30,"column":45},"end":{"line":30,"column":49}}],"line":30},"3":{"loc":{"start":{"line":30,"column":51},"end":{"line":30,"column":62}},"type":"default-arg","locations":[{"start":{"line":30,"column":61},"end":{"line":30,"column":62}}],"line":30},"4":{"loc":{"start":{"line":32,"column":2},"end":{"line":32,"column":55}},"type":"if","locations":[{"start":{"line":32,"column":2},"end":{"line":32,"column":55}},{"start":{},"end":{}}],"line":32},"5":{"loc":{"start":{"line":35,"column":23},"end":{"line":35,"column":99}},"type":"cond-expr","locations":[{"start":{"line":35,"column":43},"end":{"line":35,"column":52}},{"start":{"line":35,"column":55},"end":{"line":35,"column":99}}],"line":35},"6":{"loc":{"start":{"line":35,"column":55},"end":{"line":35,"column":99}},"type":"cond-expr","locations":[{"start":{"line":35,"column":75},"end":{"line":35,"column":87}},{"start":{"line":35,"column":90},"end":{"line":35,"column":99}}],"line":35},"7":{"loc":{"start":{"line":55,"column":6},"end":{"line":55,"column":45}},"type":"if","locations":[{"start":{"line":55,"column":6},"end":{"line":55,"column":45}},{"start":{},"end":{}}],"line":55},"8":{"loc":{"start":{"line":56,"column":6},"end":{"line":56,"column":41}},"type":"if","locations":[{"start":{"line":56,"column":6},"end":{"line":56,"column":41}},{"start":{},"end":{}}],"line":56},"9":{"loc":{"start":{"line":57,"column":6},"end":{"line":59,"column":7}},"type":"if","locations":[{"start":{"line":57,"column":6},"end":{"line":59,"column":7}},{"start":{},"end":{}}],"line":57},"10":{"loc":{"start":{"line":65,"column":41},"end":{"line":65,"column":56}},"type":"default-arg","locations":[{"start":{"line":65,"column":52},"end":{"line":65,"column":56}}],"line":65},"11":{"loc":{"start":{"line":94,"column":28},"end":{"line":94,"column":43}},"type":"default-arg","locations":[{"start":{"line":94,"column":39},"end":{"line":94,"column":43}}],"line":94},"12":{"loc":{"start":{"line":119,"column":44},"end":{"line":119,"column":59}},"type":"default-arg","locations":[{"start":{"line":119,"column":55},"end":{"line":119,"column":59}}],"line":119},"13":{"loc":{"start":{"line":145,"column":23},"end":{"line":145,"column":184}},"type":"cond-expr","locations":[{"start":{"line":145,"column":43},"end":{"line":145,"column":76}},{"start":{"line":145,"column":79},"end":{"line":145,"column":184}}],"line":145},"14":{"loc":{"start":{"line":145,"column":79},"end":{"line":145,"column":184}},"type":"cond-expr","locations":[{"start":{"line":145,"column":99},"end":{"line":145,"column":130}},{"start":{"line":145,"column":133},"end":{"line":145,"column":184}}],"line":145},"15":{"loc":{"start":{"line":146,"column":22},"end":{"line":146,"column":211}},"type":"cond-expr","locations":[{"start":{"line":146,"column":42},"end":{"line":146,"column":83}},{"start":{"line":146,"column":86},"end":{"line":146,"column":211}}],"line":146},"16":{"loc":{"start":{"line":146,"column":86},"end":{"line":146,"column":211}},"type":"cond-expr","locations":[{"start":{"line":146,"column":106},"end":{"line":146,"column":143}},{"start":{"line":146,"column":146},"end":{"line":146,"column":211}}],"line":146},"17":{"loc":{"start":{"line":153,"column":62},"end":{"line":153,"column":77}},"type":"default-arg","locations":[{"start":{"line":153,"column":73},"end":{"line":153,"column":77}}],"line":153},"18":{"loc":{"start":{"line":160,"column":10},"end":{"line":160,"column":35}},"type":"binary-expr","locations":[{"start":{"line":160,"column":10},"end":{"line":160,"column":16}},{"start":{"line":160,"column":20},"end":{"line":160,"column":35}}],"line":160},"19":{"loc":{"start":{"line":161,"column":14},"end":{"line":161,"column":37}},"type":"binary-expr","locations":[{"start":{"line":161,"column":14},"end":{"line":161,"column":24}},{"start":{"line":161,"column":28},"end":{"line":161,"column":37}}],"line":161},"20":{"loc":{"start":{"line":178,"column":36},"end":{"line":178,"column":51}},"type":"default-arg","locations":[{"start":{"line":178,"column":47},"end":{"line":178,"column":51}}],"line":178},"21":{"loc":{"start":{"line":187,"column":11},"end":{"line":187,"column":340}},"type":"cond-expr","locations":[{"start":{"line":187,"column":31},"end":{"line":187,"column":109}},{"start":{"line":187,"column":112},"end":{"line":187,"column":340}}],"line":187},"22":{"loc":{"start":{"line":187,"column":112},"end":{"line":187,"column":340}},"type":"cond-expr","locations":[{"start":{"line":187,"column":132},"end":{"line":187,"column":213}},{"start":{"line":187,"column":216},"end":{"line":187,"column":340}}],"line":187},"23":{"loc":{"start":{"line":192,"column":54},"end":{"line":192,"column":69}},"type":"default-arg","locations":[{"start":{"line":192,"column":65},"end":{"line":192,"column":69}}],"line":192},"24":{"loc":{"start":{"line":198,"column":23},"end":{"line":198,"column":49}},"type":"binary-expr","locations":[{"start":{"line":198,"column":23},"end":{"line":198,"column":28}},{"start":{"line":198,"column":32},"end":{"line":198,"column":49}}],"line":198},"25":{"loc":{"start":{"line":212,"column":11},"end":{"line":212,"column":510}},"type":"cond-expr","locations":[{"start":{"line":212,"column":31},"end":{"line":212,"column":157}},{"start":{"line":212,"column":160},"end":{"line":212,"column":510}}],"line":212},"26":{"loc":{"start":{"line":212,"column":160},"end":{"line":212,"column":510}},"type":"cond-expr","locations":[{"start":{"line":212,"column":180},"end":{"line":212,"column":297}},{"start":{"line":212,"column":300},"end":{"line":212,"column":510}}],"line":212},"27":{"loc":{"start":{"line":217,"column":31},"end":{"line":217,"column":46}},"type":"default-arg","locations":[{"start":{"line":217,"column":42},"end":{"line":217,"column":46}}],"line":217},"28":{"loc":{"start":{"line":247,"column":2},"end":{"line":249,"column":3}},"type":"if","locations":[{"start":{"line":247,"column":2},"end":{"line":249,"column":3}},{"start":{},"end":{}}],"line":247},"29":{"loc":{"start":{"line":250,"column":2},"end":{"line":252,"column":3}},"type":"if","locations":[{"start":{"line":250,"column":2},"end":{"line":252,"column":3}},{"start":{},"end":{}}],"line":250},"30":{"loc":{"start":{"line":257,"column":2},"end":{"line":259,"column":3}},"type":"if","locations":[{"start":{"line":257,"column":2},"end":{"line":259,"column":3}},{"start":{},"end":{}}],"line":257},"31":{"loc":{"start":{"line":260,"column":2},"end":{"line":262,"column":3}},"type":"if","locations":[{"start":{"line":260,"column":2},"end":{"line":262,"column":3}},{"start":{},"end":{}}],"line":260},"32":{"loc":{"start":{"line":267,"column":2},"end":{"line":269,"column":3}},"type":"if","locations":[{"start":{"line":267,"column":2},"end":{"line":269,"column":3}},{"start":{},"end":{}}],"line":267},"33":{"loc":{"start":{"line":270,"column":2},"end":{"line":272,"column":3}},"type":"if","locations":[{"start":{"line":270,"column":2},"end":{"line":272,"column":3}},{"start":{},"end":{}}],"line":270},"34":{"loc":{"start":{"line":277,"column":2},"end":{"line":279,"column":3}},"type":"if","locations":[{"start":{"line":277,"column":2},"end":{"line":279,"column":3}},{"start":{},"end":{}}],"line":277},"35":{"loc":{"start":{"line":280,"column":2},"end":{"line":282,"column":3}},"type":"if","locations":[{"start":{"line":280,"column":2},"end":{"line":282,"column":3}},{"start":{},"end":{}}],"line":280}},"s":{"0":3,"1":3,"2":3,"3":3,"4":3,"5":41,"6":2,"7":41,"8":3,"9":3,"10":41,"11":41,"12":3,"13":38,"14":38,"15":38,"16":38,"17":38,"18":82,"19":82,"20":82,"21":82,"22":0,"23":82,"24":19,"25":19,"26":66,"27":66,"28":66,"29":22,"30":44,"31":0,"32":0,"33":3,"34":9,"35":54,"36":9,"37":108,"38":9,"39":9,"40":9,"41":6,"42":3,"43":5,"44":30,"45":5,"46":5,"47":5,"48":3,"49":3,"50":7,"51":7,"52":7,"53":3,"54":3,"55":4,"56":3,"57":5,"58":25,"59":5,"60":5,"61":5,"62":3,"63":3,"64":5,"65":5,"66":5,"67":3,"68":3,"69":3,"70":5,"71":60,"72":5,"73":30,"74":5,"75":5,"76":3,"77":3,"78":5,"79":5,"80":30,"81":5,"82":30,"83":5,"84":10,"85":10,"86":10,"87":5,"88":5,"89":3,"90":3,"91":6,"92":2,"93":4,"94":2,"95":2,"96":3,"97":3,"98":1,"99":2,"100":1,"101":1,"102":3,"103":3,"104":1,"105":2,"106":1,"107":1,"108":3,"109":3,"110":1,"111":2,"112":1,"113":1,"114":3},"f":{"0":41,"1":41,"2":82,"3":0,"4":0,"5":9,"6":54,"7":108,"8":5,"9":30,"10":7,"11":5,"12":25,"13":5,"14":5,"15":60,"16":30,"17":5,"18":30,"19":30,"20":10,"21":10,"22":10,"23":6,"24":3,"25":3,"26":3},"b":{"0":[2,39],"1":[41,5],"2":[0],"3":[41],"4":[3,38],"5":[7,31],"6":[7,24],"7":[66,0],"8":[22,44],"9":[0,44],"10":[0],"11":[0],"12":[2],"13":[1,3],"14":[1,2],"15":[1,3],"16":[1,2],"17":[0],"18":[5,0],"19":[5,0],"20":[0],"21":[1,2],"22":[1,1],"23":[0],"24":[5,0],"25":[1,2],"26":[1,1],"27":[0],"28":[2,4],"29":[2,2],"30":[1,2],"31":[1,1],"32":[1,2],"33":[1,1],"34":[1,2],"35":[1,1]},"_coverageSchema":"1a1c01bbd47fc00a2c39e90264f33305004495a9","hash":"d0a7ed4c50e9d245ba367c248550894f0c1ad788"}
}
