TN:
SF:index.js
FN:30,(anonymous_0)
FN:56,(anonymous_1)
FNF:2
FNH:1
FNDA:2,(anonymous_0)
FNDA:0,(anonymous_1)
DA:1,1
DA:2,1
DA:3,1
DA:4,1
DA:5,1
DA:6,1
DA:8,1
DA:9,1
DA:10,1
DA:11,1
DA:13,1
DA:14,1
DA:17,1
DA:18,0
DA:22,1
DA:26,1
DA:27,1
DA:30,1
DA:31,2
DA:47,1
DA:48,1
DA:49,1
DA:50,1
DA:53,1
DA:55,1
DA:56,0
DA:57,0
DA:58,0
DA:62,1
LF:29
LH:25
BRDA:14,0,0,1
BRDA:14,0,1,0
BRDA:17,1,0,0
BRDA:17,1,1,1
BRDA:38,2,0,2
BRDA:38,2,1,0
BRDA:41,3,0,2
BRDA:41,3,1,0
BRDA:55,4,0,0
BRDA:55,4,1,1
BRF:10
BRH:5
end_of_record
TN:
SF:config\db.js
FN:3,(anonymous_0)
FNF:1
FNH:0
FNDA:0,(anonymous_0)
DA:1,1
DA:3,1
DA:4,0
DA:5,0
DA:8,0
DA:10,0
DA:11,0
DA:15,1
LF:8
LH:3
BRF:0
BRH:0
end_of_record
TN:
SF:controllers\aiController.js
FN:3,(anonymous_0)
FN:16,(anonymous_1)
FN:29,(anonymous_2)
FN:41,(anonymous_3)
FN:53,(anonymous_4)
FN:65,(anonymous_5)
FNF:6
FNH:6
FNDA:3,(anonymous_0)
FNDA:4,(anonymous_1)
FNDA:2,(anonymous_2)
FNDA:2,(anonymous_3)
FNDA:2,(anonymous_4)
FNDA:2,(anonymous_5)
DA:1,1
DA:3,1
DA:4,3
DA:5,3
DA:6,3
DA:7,3
DA:8,2
DA:9,1
DA:11,1
DA:12,1
DA:16,1
DA:17,4
DA:18,4
DA:19,4
DA:20,4
DA:21,3
DA:22,2
DA:24,1
DA:25,1
DA:29,1
DA:30,2
DA:31,2
DA:32,2
DA:33,2
DA:34,1
DA:36,1
DA:37,1
DA:41,1
DA:42,2
DA:43,2
DA:44,2
DA:45,2
DA:46,1
DA:48,1
DA:49,1
DA:53,1
DA:54,2
DA:55,2
DA:56,2
DA:57,2
DA:58,1
DA:60,1
DA:61,1
DA:65,1
DA:66,2
DA:67,2
DA:68,2
DA:69,2
DA:70,1
DA:72,1
DA:73,1
DA:77,1
LF:52
LH:52
BRDA:7,0,0,1
BRDA:7,0,1,2
BRDA:20,1,0,1
BRDA:20,1,1,3
BRF:4
BRH:4
end_of_record
TN:
SF:controllers\crowdController.js
FN:4,(anonymous_0)
FN:9,(anonymous_1)
FN:14,(anonymous_2)
FN:24,(anonymous_3)
FN:26,(anonymous_4)
FN:31,(anonymous_5)
FNF:6
FNH:6
FNDA:19,(anonymous_0)
FNDA:3,(anonymous_1)
FNDA:18,(anonymous_2)
FNDA:2,(anonymous_3)
FNDA:7,(anonymous_4)
FNDA:1,(anonymous_5)
DA:1,2
DA:4,2
DA:5,19
DA:6,19
DA:9,2
DA:10,3
DA:14,18
DA:20,3
DA:21,3
DA:24,2
DA:25,2
DA:26,7
DA:27,2
DA:28,1
DA:31,2
DA:32,1
DA:35,2
LF:17
LH:17
BRDA:4,0,0,19
BRDA:27,1,0,1
BRDA:27,1,1,1
BRF:3
BRH:3
end_of_record
TN:
SF:controllers\incidentController.js
FN:8,(anonymous_0)
FN:13,(anonymous_1)
FN:23,(anonymous_2)
FN:57,(anonymous_3)
FN:63,(anonymous_4)
FNF:5
FNH:5
FNDA:8,(anonymous_0)
FNDA:2,(anonymous_1)
FNDA:3,(anonymous_2)
FNDA:3,(anonymous_3)
FNDA:2,(anonymous_4)
DA:1,1
DA:2,1
DA:5,1
DA:6,1
DA:8,1
DA:9,8
DA:10,8
DA:13,1
DA:14,2
DA:15,2
DA:16,2
DA:17,1
DA:19,1
DA:23,1
DA:24,3
DA:25,3
DA:26,3
DA:27,1
DA:30,2
DA:31,2
DA:32,2
DA:35,2
DA:44,2
DA:45,2
DA:46,1
DA:47,1
DA:48,1
DA:50,1
DA:51,0
DA:53,1
DA:57,1
DA:58,3
DA:59,3
DA:60,3
DA:61,3
DA:62,3
DA:63,2
DA:64,2
DA:65,1
DA:66,1
DA:68,1
DA:69,0
DA:70,0
DA:72,1
DA:76,1
LF:45
LH:42
BRDA:16,0,0,1
BRDA:16,0,1,1
BRDA:26,1,0,1
BRDA:26,1,1,2
BRDA:26,2,0,3
BRDA:26,2,1,3
BRDA:26,2,2,2
BRDA:26,2,3,2
BRDA:37,3,0,2
BRDA:37,3,1,1
BRDA:39,4,0,2
BRDA:39,4,1,0
BRDA:40,5,0,2
BRDA:40,5,1,0
BRDA:45,6,0,1
BRDA:45,6,1,1
BRDA:62,7,0,2
BRDA:62,7,1,1
BRDA:64,8,0,1
BRDA:64,8,1,1
BRDA:69,9,0,0
BRDA:69,9,1,0
BRF:22
BRH:18
end_of_record
TN:
SF:controllers\transportController.js
FN:3,(anonymous_0)
FN:7,(anonymous_1)
FN:9,(anonymous_2)
FN:14,(anonymous_3)
FNF:4
FNH:4
FNDA:2,(anonymous_0)
FNDA:2,(anonymous_1)
FNDA:6,(anonymous_2)
FNDA:1,(anonymous_3)
DA:1,1
DA:3,1
DA:4,2
DA:7,1
DA:8,2
DA:9,6
DA:10,2
DA:11,1
DA:14,1
DA:15,1
DA:16,1
DA:19,1
LF:12
LH:12
BRDA:10,0,0,1
BRDA:10,0,1,1
BRF:2
BRH:2
end_of_record
TN:
SF:middlewares\errorHandler.js
FN:1,(anonymous_0)
FNF:1
FNH:0
FNDA:0,(anonymous_0)
DA:1,1
DA:2,0
DA:3,0
DA:4,0
DA:11,1
LF:5
LH:2
BRDA:3,0,0,0
BRDA:3,0,1,0
BRDA:5,1,0,0
BRDA:5,1,1,0
BRF:4
BRH:0
end_of_record
TN:
SF:middlewares\rateLimiter.js
FNF:0
FNH:0
DA:1,1
DA:3,1
DA:9,1
DA:15,1
LF:4
LH:4
BRF:0
BRH:0
end_of_record
TN:
SF:models\Incident.js
FNF:0
FNH:0
DA:1,1
DA:3,1
DA:28,1
LF:3
LH:3
BRF:0
BRH:0
end_of_record
TN:
SF:routes\ai.js
FNF:0
FNH:0
DA:1,1
DA:2,1
DA:3,1
DA:5,1
DA:6,1
DA:7,1
DA:8,1
DA:9,1
DA:10,1
DA:12,1
LF:10
LH:10
BRF:0
BRH:0
end_of_record
TN:
SF:routes\crowd.js
FNF:0
FNH:0
DA:1,1
DA:2,1
DA:3,1
DA:5,1
DA:6,1
DA:7,1
DA:9,1
LF:7
LH:7
BRF:0
BRH:0
end_of_record
TN:
SF:routes\incidents.js
FNF:0
FNH:0
DA:1,1
DA:2,1
DA:3,1
DA:5,1
DA:6,1
DA:7,1
DA:9,1
LF:7
LH:7
BRF:0
BRH:0
end_of_record
TN:
SF:routes\transport.js
FNF:0
FNH:0
DA:1,1
DA:2,1
DA:3,1
DA:5,1
DA:6,1
DA:7,1
DA:9,1
LF:7
LH:7
BRF:0
BRH:0
end_of_record
TN:
SF:services\aiService.js
FN:7,(anonymous_0)
FN:30,(anonymous_1)
FN:47,(anonymous_2)
FN:48,(anonymous_3)
FN:58,(anonymous_4)
FN:65,(anonymous_5)
FN:66,(anonymous_6)
FN:69,(anonymous_7)
FN:94,(anonymous_8)
FN:95,(anonymous_9)
FN:119,(anonymous_10)
FN:153,(anonymous_11)
FN:154,(anonymous_12)
FN:178,(anonymous_13)
FN:192,(anonymous_14)
FN:193,(anonymous_15)
FN:200,(anonymous_16)
FN:217,(anonymous_17)
FN:219,(anonymous_18)
FN:220,(anonymous_19)
FN:227,(anonymous_20)
FN:228,(anonymous_21)
FN:229,(anonymous_22)
FN:246,(anonymous_23)
FN:256,(anonymous_24)
FN:266,(anonymous_25)
FN:276,(anonymous_26)
FNF:27
FNH:25
FNDA:41,(anonymous_0)
FNDA:41,(anonymous_1)
FNDA:82,(anonymous_2)
FNDA:0,(anonymous_3)
FNDA:0,(anonymous_4)
FNDA:9,(anonymous_5)
FNDA:54,(anonymous_6)
FNDA:108,(anonymous_7)
FNDA:5,(anonymous_8)
FNDA:30,(anonymous_9)
FNDA:7,(anonymous_10)
FNDA:5,(anonymous_11)
FNDA:25,(anonymous_12)
FNDA:5,(anonymous_13)
FNDA:5,(anonymous_14)
FNDA:60,(anonymous_15)
FNDA:30,(anonymous_16)
FNDA:5,(anonymous_17)
FNDA:30,(anonymous_18)
FNDA:30,(anonymous_19)
FNDA:10,(anonymous_20)
FNDA:10,(anonymous_21)
FNDA:10,(anonymous_22)
FNDA:6,(anonymous_23)
FNDA:3,(anonymous_24)
FNDA:3,(anonymous_25)
FNDA:3,(anonymous_26)
DA:1,3
DA:2,3
DA:3,3
DA:4,3
DA:7,3
DA:8,41
DA:9,2
DA:11,41
DA:14,3
DA:30,3
DA:31,41
DA:32,41
DA:34,38
DA:35,38
DA:37,38
DA:43,38
DA:45,82
DA:46,82
DA:47,82
DA:48,82
DA:51,82
DA:52,19
DA:53,19
DA:55,66
DA:56,66
DA:57,44
DA:58,0
DA:65,3
DA:66,9
DA:67,54
DA:69,9
DA:70,108
DA:73,9
DA:86,9
DA:87,9
DA:89,6
DA:94,3
DA:95,5
DA:96,30
DA:99,5
DA:111,5
DA:112,5
DA:114,3
DA:119,3
DA:120,7
DA:137,7
DA:138,7
DA:139,3
DA:140,3
DA:142,4
DA:153,3
DA:154,5
DA:155,25
DA:158,5
DA:170,5
DA:171,5
DA:173,3
DA:178,3
DA:179,5
DA:183,5
DA:184,5
DA:186,3
DA:187,3
DA:192,3
DA:193,60
DA:195,5
DA:200,30
DA:209,5
DA:210,5
DA:212,3
DA:217,3
DA:218,5
DA:219,30
DA:220,30
DA:222,5
DA:227,10
DA:228,10
DA:229,10
DA:238,5
DA:239,5
DA:241,3
DA:246,3
DA:247,6
DA:248,2
DA:250,4
DA:251,2
DA:253,2
DA:256,3
DA:257,3
DA:258,1
DA:260,2
DA:261,1
DA:263,1
DA:266,3
DA:267,3
DA:268,1
DA:270,2
DA:271,1
DA:273,1
DA:276,3
DA:277,3
DA:278,1
DA:280,2
DA:281,1
DA:283,1
DA:286,3
LF:106
LH:105
BRDA:8,0,0,2
BRDA:8,0,1,39
BRDA:8,1,0,41
BRDA:8,1,1,5
BRDA:30,2,0,0
BRDA:30,3,0,41
BRDA:32,4,0,3
BRDA:32,4,1,38
BRDA:35,5,0,7
BRDA:35,5,1,31
BRDA:35,6,0,7
BRDA:35,6,1,24
BRDA:55,7,0,66
BRDA:55,7,1,0
BRDA:56,8,0,22
BRDA:56,8,1,44
BRDA:57,9,0,0
BRDA:57,9,1,44
BRDA:65,10,0,0
BRDA:94,11,0,0
BRDA:119,12,0,2
BRDA:145,13,0,1
BRDA:145,13,1,3
BRDA:145,14,0,1
BRDA:145,14,1,2
BRDA:146,15,0,1
BRDA:146,15,1,3
BRDA:146,16,0,1
BRDA:146,16,1,2
BRDA:153,17,0,0
BRDA:160,18,0,5
BRDA:160,18,1,0
BRDA:161,19,0,5
BRDA:161,19,1,0
BRDA:178,20,0,0
BRDA:187,21,0,1
BRDA:187,21,1,2
BRDA:187,22,0,1
BRDA:187,22,1,1
BRDA:192,23,0,0
BRDA:198,24,0,5
BRDA:198,24,1,0
BRDA:212,25,0,1
BRDA:212,25,1,2
BRDA:212,26,0,1
BRDA:212,26,1,1
BRDA:217,27,0,0
BRDA:247,28,0,2
BRDA:247,28,1,4
BRDA:250,29,0,2
BRDA:250,29,1,2
BRDA:257,30,0,1
BRDA:257,30,1,2
BRDA:260,31,0,1
BRDA:260,31,1,1
BRDA:267,32,0,1
BRDA:267,32,1,2
BRDA:270,33,0,1
BRDA:270,33,1,1
BRDA:277,34,0,1
BRDA:277,34,1,2
BRDA:280,35,0,1
BRDA:280,35,1,1
BRF:63
BRH:51
end_of_record
